<?xml version="1.0" encoding="UTF-8"?>
<robot generator="Robot 3.2.2 (Python 3.9.2 on win32)" generated="20210321 10:19:18.406" rpa="false">
<suite id="s1" name="Front-Office-3" source="C:\Users\Lenovo\eclipse-workspace\front-office-3">
<suite id="s1-s1" name="Tests" source="C:\Users\Lenovo\eclipse-workspace\front-office-3\Tests">
<suite id="s1-s1-s1" name="Front Office" source="C:\Users\Lenovo\eclipse-workspace\front-office-3\Tests\Front_Office.robot">
<test id="s1-s1-s1-t1" name="Should be able to access &quot;Team&quot; page">
<kw name="Being Web Test" library="CommonWeb" type="setup">
<kw name="Open Browser" library="SeleniumLibrary">
<doc>Opens a new browser instance to the optional ``url``.</doc>
<arguments>
<arg>${URL}</arg>
<arg>${BROWSER}</arg>
</arguments>
<msg timestamp="20210321 10:19:18.879" level="INFO">Opening browser 'chrome' to base url 'http://www.robotframeworktutorial.com/front-office/'.</msg>
<status status="PASS" starttime="20210321 10:19:18.879" endtime="20210321 10:19:37.124"></status>
</kw>
<kw name="Maximize Browser Window" library="SeleniumLibrary">
<doc>Maximizes current browser window.</doc>
<status status="PASS" starttime="20210321 10:19:37.125" endtime="20210321 10:19:37.260"></status>
</kw>
<status status="PASS" starttime="20210321 10:19:18.878" endtime="20210321 10:19:37.260"></status>
</kw>
<kw name="Go to Landing page" library="FrontOfficeApp">
<kw name="Navigate To" library="Landing">
<kw name="Go To" library="SeleniumLibrary">
<doc>Navigates the current browser window to the provided ``url``.</doc>
<arguments>
<arg>${URL}</arg>
</arguments>
<msg timestamp="20210321 10:19:37.261" level="INFO">Opening url 'http://www.robotframeworktutorial.com/front-office/'</msg>
<status status="PASS" starttime="20210321 10:19:37.261" endtime="20210321 10:19:37.658"></status>
</kw>
<status status="PASS" starttime="20210321 10:19:37.261" endtime="20210321 10:19:37.658"></status>
</kw>
<kw name="Verify Page Loaded" library="Landing">
<kw name="Wait Until Page Contains Element" library="SeleniumLibrary">
<doc>Waits until the element ``locator`` appears on the current page.</doc>
<arguments>
<arg>${LANDING_NAVIGATION_ELEMENT}</arg>
</arguments>
<status status="PASS" starttime="20210321 10:19:37.659" endtime="20210321 10:19:37.671"></status>
</kw>
<status status="PASS" starttime="20210321 10:19:37.658" endtime="20210321 10:19:37.671"></status>
</kw>
<status status="PASS" starttime="20210321 10:19:37.260" endtime="20210321 10:19:37.671"></status>
</kw>
<kw name="Go to &quot;Team&quot; page" library="FrontOfficeApp">
<kw name="Select &quot;Team&quot; Page" library="TopNav">
<kw name="Click Element" library="SeleniumLibrary">
<doc>Click the element identified by ``locator``.</doc>
<arguments>
<arg>${TOP_NAV_TEAM_LINK}</arg>
</arguments>
<msg timestamp="20210321 10:19:37.673" level="INFO">Clicking element 'css=#bs-example-navbar-collapse-1 &gt; ul &gt; li:nth-child(5) &gt; a'.</msg>
<status status="PASS" starttime="20210321 10:19:37.673" endtime="20210321 10:19:37.719"></status>
</kw>
<kw name="Sleep" library="BuiltIn">
<doc>Pauses the test executed for the given time.</doc>
<arguments>
<arg>3s</arg>
</arguments>
<msg timestamp="20210321 10:19:40.721" level="INFO">Slept 3 seconds</msg>
<status status="PASS" starttime="20210321 10:19:37.719" endtime="20210321 10:19:40.721"></status>
</kw>
<status status="PASS" starttime="20210321 10:19:37.672" endtime="20210321 10:19:40.721"></status>
</kw>
<kw name="Verify Page Loaded" library="Team">
<kw name="Wait Until Page Contains Element" library="SeleniumLibrary">
<doc>Waits until the element ``locator`` appears on the current page.</doc>
<arguments>
<arg>${TEAM_HEADER_LABEL}</arg>
</arguments>
<status status="PASS" starttime="20210321 10:19:40.723" endtime="20210321 10:19:40.734"></status>
</kw>
<status status="PASS" starttime="20210321 10:19:40.722" endtime="20210321 10:19:40.734"></status>
</kw>
<status status="PASS" starttime="20210321 10:19:37.672" endtime="20210321 10:19:40.734"></status>
</kw>
<kw name="End Web Test" library="CommonWeb" type="teardown">
<kw name="Close All Browsers" library="SeleniumLibrary">
<doc>Closes all open browsers and resets the browser cache.</doc>
<status status="PASS" starttime="20210321 10:19:40.735" endtime="20210321 10:19:42.893"></status>
</kw>
<status status="PASS" starttime="20210321 10:19:40.735" endtime="20210321 10:19:42.893"></status>
</kw>
<doc>This is test 1</doc>
<tags>
<tag>test1</tag>
</tags>
<status status="PASS" starttime="20210321 10:19:18.877" endtime="20210321 10:19:42.894" critical="yes"></status>
</test>
<test id="s1-s1-s1-t2" name="&quot;Team&quot; page should match requirements">
<kw name="Being Web Test" library="CommonWeb" type="setup">
<kw name="Open Browser" library="SeleniumLibrary">
<doc>Opens a new browser instance to the optional ``url``.</doc>
<arguments>
<arg>${URL}</arg>
<arg>${BROWSER}</arg>
</arguments>
<msg timestamp="20210321 10:19:42.897" level="INFO">Opening browser 'chrome' to base url 'http://www.robotframeworktutorial.com/front-office/'.</msg>
<status status="PASS" starttime="20210321 10:19:42.896" endtime="20210321 10:19:54.588"></status>
</kw>
<kw name="Maximize Browser Window" library="SeleniumLibrary">
<doc>Maximizes current browser window.</doc>
<status status="PASS" starttime="20210321 10:19:54.588" endtime="20210321 10:19:54.718"></status>
</kw>
<status status="PASS" starttime="20210321 10:19:42.895" endtime="20210321 10:19:54.719"></status>
</kw>
<kw name="Go to Landing page" library="FrontOfficeApp">
<kw name="Navigate To" library="Landing">
<kw name="Go To" library="SeleniumLibrary">
<doc>Navigates the current browser window to the provided ``url``.</doc>
<arguments>
<arg>${URL}</arg>
</arguments>
<msg timestamp="20210321 10:19:54.720" level="INFO">Opening url 'http://www.robotframeworktutorial.com/front-office/'</msg>
<status status="PASS" starttime="20210321 10:19:54.720" endtime="20210321 10:19:55.083"></status>
</kw>
<status status="PASS" starttime="20210321 10:19:54.719" endtime="20210321 10:19:55.084"></status>
</kw>
<kw name="Verify Page Loaded" library="Landing">
<kw name="Wait Until Page Contains Element" library="SeleniumLibrary">
<doc>Waits until the element ``locator`` appears on the current page.</doc>
<arguments>
<arg>${LANDING_NAVIGATION_ELEMENT}</arg>
</arguments>
<status status="PASS" starttime="20210321 10:19:55.086" endtime="20210321 10:19:55.101"></status>
</kw>
<status status="PASS" starttime="20210321 10:19:55.084" endtime="20210321 10:19:55.102"></status>
</kw>
<status status="PASS" starttime="20210321 10:19:54.719" endtime="20210321 10:19:55.102"></status>
</kw>
<kw name="Go to &quot;Team&quot; page" library="FrontOfficeApp">
<kw name="Select &quot;Team&quot; Page" library="TopNav">
<kw name="Click Element" library="SeleniumLibrary">
<doc>Click the element identified by ``locator``.</doc>
<arguments>
<arg>${TOP_NAV_TEAM_LINK}</arg>
</arguments>
<msg timestamp="20210321 10:19:55.103" level="INFO">Clicking element 'css=#bs-example-navbar-collapse-1 &gt; ul &gt; li:nth-child(5) &gt; a'.</msg>
<status status="PASS" starttime="20210321 10:19:55.103" endtime="20210321 10:19:55.149"></status>
</kw>
<kw name="Sleep" library="BuiltIn">
<doc>Pauses the test executed for the given time.</doc>
<arguments>
<arg>3s</arg>
</arguments>
<msg timestamp="20210321 10:19:58.162" level="INFO">Slept 3 seconds</msg>
<status status="PASS" starttime="20210321 10:19:55.150" endtime="20210321 10:19:58.162"></status>
</kw>
<status status="PASS" starttime="20210321 10:19:55.103" endtime="20210321 10:19:58.163"></status>
</kw>
<kw name="Verify Page Loaded" library="Team">
<kw name="Wait Until Page Contains Element" library="SeleniumLibrary">
<doc>Waits until the element ``locator`` appears on the current page.</doc>
<arguments>
<arg>${TEAM_HEADER_LABEL}</arg>
</arguments>
<status status="PASS" starttime="20210321 10:19:58.165" endtime="20210321 10:19:58.185"></status>
</kw>
<status status="PASS" starttime="20210321 10:19:58.164" endtime="20210321 10:19:58.186"></status>
</kw>
<status status="PASS" starttime="20210321 10:19:55.102" endtime="20210321 10:19:58.186"></status>
</kw>
<kw name="Validate &quot;Team&quot; page" library="FrontOfficeApp">
<kw name="Validate Page Contents" library="Team">
<kw name="Get Text" library="SeleniumLibrary">
<doc>Returns the text value of the element identified by ``locator``.</doc>
<arguments>
<arg>${TEAM_HEADER_LABEL}</arg>
</arguments>
<assign>
<var>${ElementText}</var>
</assign>
<msg timestamp="20210321 10:19:58.225" level="INFO">${ElementText} = OUR AMAZING TEAM</msg>
<status status="PASS" starttime="20210321 10:19:58.189" endtime="20210321 10:19:58.225"></status>
</kw>
<kw name="Should Be Equal As Strings" library="BuiltIn">
<doc>Fails if objects are unequal after converting them to strings.</doc>
<arguments>
<arg>${ElementText}</arg>
<arg>Our Amazing Team</arg>
<arg>ignore_case=true</arg>
</arguments>
<status status="PASS" starttime="20210321 10:19:58.226" endtime="20210321 10:19:58.227"></status>
</kw>
<status status="PASS" starttime="20210321 10:19:58.188" endtime="20210321 10:19:58.228"></status>
</kw>
<status status="PASS" starttime="20210321 10:19:58.187" endtime="20210321 10:19:58.229"></status>
</kw>
<kw name="End Web Test" library="CommonWeb" type="teardown">
<kw name="Close All Browsers" library="SeleniumLibrary">
<doc>Closes all open browsers and resets the browser cache.</doc>
<status status="PASS" starttime="20210321 10:19:58.231" endtime="20210321 10:20:00.660"></status>
</kw>
<status status="PASS" starttime="20210321 10:19:58.230" endtime="20210321 10:20:00.660"></status>
</kw>
<doc>This is test 2</doc>
<tags>
<tag>test2</tag>
</tags>
<status status="PASS" starttime="20210321 10:19:42.894" endtime="20210321 10:20:00.661" critical="yes"></status>
</test>
<doc>Talk about what this suite of tests does</doc>
<status status="PASS" starttime="20210321 10:19:18.689" endtime="20210321 10:20:00.661"></status>
</suite>
<status status="PASS" starttime="20210321 10:19:18.685" endtime="20210321 10:20:00.664"></status>
</suite>
<status status="PASS" starttime="20210321 10:19:18.660" endtime="20210321 10:20:00.666"></status>
</suite>
<statistics>
<total>
<stat pass="2" fail="0">Critical Tests</stat>
<stat pass="2" fail="0">All Tests</stat>
</total>
<tag>
<stat pass="1" fail="0">test1</stat>
<stat pass="1" fail="0">test2</stat>
</tag>
<suite>
<stat pass="2" fail="0" id="s1" name="Front-Office-3">Front-Office-3</stat>
<stat pass="2" fail="0" id="s1-s1" name="Tests">Front-Office-3.Tests</stat>
<stat pass="2" fail="0" id="s1-s1-s1" name="Front Office">Front-Office-3.Tests.Front Office</stat>
</suite>
</statistics>
<errors>
</errors>
</robot>
